# Logfile created on Mon Dec 22 15:38:31 -0600 2008 by /
RafflesController: missing default helper path raffles_helper
Access denied for user 'rafflr'@'localhost' (using password: YES)
./script/../config/../vendor/rails/activerecord/lib/active_record/connection_adapters/mysql_adapter.rb:389:in `real_connect'
./script/../config/../vendor/rails/activerecord/lib/active_record/connection_adapters/mysql_adapter.rb:389:in `connect'
./script/../config/../vendor/rails/activerecord/lib/active_record/connection_adapters/mysql_adapter.rb:152:in `initialize'
./script/../config/../vendor/rails/activerecord/lib/active_record/connection_adapters/mysql_adapter.rb:82:in `new'
./script/../config/../vendor/rails/activerecord/lib/active_record/connection_adapters/mysql_adapter.rb:82:in `mysql_connection'
./script/../config/../vendor/rails/activerecord/lib/active_record/connection_adapters/abstract/connection_specification.rb:262:in `send'
./script/../config/../vendor/rails/activerecord/lib/active_record/connection_adapters/abstract/connection_specification.rb:262:in `connection_without_query_cache='
./script/../config/../vendor/rails/activerecord/lib/active_record/query_cache.rb:54:in `connection='
./script/../config/../vendor/rails/activerecord/lib/active_record/connection_adapters/abstract/connection_specification.rb:230:in `retrieve_connection'
./script/../config/../vendor/rails/activerecord/lib/active_record/connection_adapters/abstract/connection_specification.rb:78:in `connection'
./script/../config/../vendor/rails/activerecord/lib/active_record/base.rb:763:in `columns'
./script/../config/../vendor/rails/activerecord/lib/active_record/base.rb:771:in `columns_hash'
./script/../config/../vendor/rails/actionpack/lib/action_controller/session/active_record_store.rb:105:in `setup_sessid_compatibility!'
./script/../config/../vendor/rails/actionpack/lib/action_controller/session/active_record_store.rb:79:in `find_by_session_id'
./script/../config/../vendor/rails/actionpack/lib/action_controller/session/active_record_store.rb:283:in `initialize'
./script/../config/../vendor/rails/activerecord/lib/active_record/base.rb:867:in `silence'
./script/../config/../vendor/rails/actionpack/lib/action_controller/session/active_record_store.rb:283:in `initialize'
/System/Library/Frameworks/Ruby.framework/Versions/1.8/usr/lib/ruby/1.8/cgi/session.rb:273:in `new'
/System/Library/Frameworks/Ruby.framework/Versions/1.8/usr/lib/ruby/1.8/cgi/session.rb:273:in `initialize'
./script/../config/../vendor/rails/actionpack/lib/action_controller/cgi_process.rb:122:in `new'
./script/../config/../vendor/rails/actionpack/lib/action_controller/cgi_process.rb:122:in `session'
./script/../config/../vendor/rails/actionpack/lib/action_controller/cgi_process.rb:154:in `stale_session_check!'
./script/../config/../vendor/rails/actionpack/lib/action_controller/cgi_process.rb:109:in `session'
./script/../config/../vendor/rails/actionpack/lib/action_controller/base.rb:1052:in `assign_shortcuts_without_flash'
./script/../config/../vendor/rails/actionpack/lib/action_controller/flash.rb:140:in `assign_shortcuts'
./script/../config/../vendor/rails/actionpack/lib/action_controller/base.rb:424:in `process_without_filters'
./script/../config/../vendor/rails/actionpack/lib/action_controller/filters.rb:624:in `process_without_session_management_support'
./script/../config/../vendor/rails/actionpack/lib/action_controller/session_management.rb:114:in `process'
./script/../config/../vendor/rails/actionpack/lib/action_controller/base.rb:330:in `process'
./script/../config/../vendor/rails/railties/lib/dispatcher.rb:41:in `dispatch'
/Library/Ruby/Gems/1.8/gems/mongrel-1.1.5/bin/../lib/mongrel/rails.rb:76:in `process'
/Library/Ruby/Gems/1.8/gems/mongrel-1.1.5/bin/../lib/mongrel/rails.rb:74:in `synchronize'
/Library/Ruby/Gems/1.8/gems/mongrel-1.1.5/bin/../lib/mongrel/rails.rb:74:in `process'
/Library/Ruby/Gems/1.8/gems/mongrel-1.1.5/lib/mongrel.rb:159:in `process_client'
/Library/Ruby/Gems/1.8/gems/mongrel-1.1.5/lib/mongrel.rb:158:in `each'
/Library/Ruby/Gems/1.8/gems/mongrel-1.1.5/lib/mongrel.rb:158:in `process_client'
/Library/Ruby/Gems/1.8/gems/mongrel-1.1.5/lib/mongrel.rb:285:in `run'
/Library/Ruby/Gems/1.8/gems/mongrel-1.1.5/lib/mongrel.rb:285:in `initialize'
/Library/Ruby/Gems/1.8/gems/mongrel-1.1.5/lib/mongrel.rb:285:in `new'
/Library/Ruby/Gems/1.8/gems/mongrel-1.1.5/lib/mongrel.rb:285:in `run'
/Library/Ruby/Gems/1.8/gems/mongrel-1.1.5/lib/mongrel.rb:268:in `initialize'
/Library/Ruby/Gems/1.8/gems/mongrel-1.1.5/lib/mongrel.rb:268:in `new'
/Library/Ruby/Gems/1.8/gems/mongrel-1.1.5/lib/mongrel.rb:268:in `run'
/Library/Ruby/Gems/1.8/gems/mongrel-1.1.5/lib/mongrel/configurator.rb:282:in `run'
/Library/Ruby/Gems/1.8/gems/mongrel-1.1.5/lib/mongrel/configurator.rb:281:in `each'
/Library/Ruby/Gems/1.8/gems/mongrel-1.1.5/lib/mongrel/configurator.rb:281:in `run'
/Library/Ruby/Gems/1.8/gems/mongrel-1.1.5/bin/mongrel_rails:128:in `run'
/Library/Ruby/Gems/1.8/gems/mongrel-1.1.5/lib/mongrel/command.rb:212:in `run'
/Library/Ruby/Gems/1.8/gems/mongrel-1.1.5/bin/mongrel_rails:281
./script/../config/../vendor/rails/activesupport/lib/active_support/dependencies.rb:488:in `load'
./script/../config/../vendor/rails/activesupport/lib/active_support/dependencies.rb:488:in `load'
./script/../config/../vendor/rails/activesupport/lib/active_support/dependencies.rb:342:in `new_constants_in'
./script/../config/../vendor/rails/activesupport/lib/active_support/dependencies.rb:488:in `load'
./script/../config/../vendor/rails/railties/lib/commands/servers/mongrel.rb:60
/Library/Ruby/Site/1.8/rubygems/custom_require.rb:31:in `gem_original_require'
/Library/Ruby/Site/1.8/rubygems/custom_require.rb:31:in `require'
./script/../config/../vendor/rails/activesupport/lib/active_support/dependencies.rb:495:in `require'
./script/../config/../vendor/rails/activesupport/lib/active_support/dependencies.rb:342:in `new_constants_in'
./script/../config/../vendor/rails/activesupport/lib/active_support/dependencies.rb:495:in `require'
./script/../config/../vendor/rails/railties/lib/commands/server.rb:39
script/server:3:in `require'
script/server:3
  [4;36;1mSQL (0.028706)[0m   [0;1mSET SQL_AUTO_IS_NULL=0[0m
  [4;35;1mSQL (0.120226)[0m   [0mCREATE TABLE schema_info (version int(11))[0m
  [4;36;1mSQL (0.015837)[0m   [0;1mINSERT INTO schema_info (version) VALUES(0)[0m
  [4;35;1mSQL (0.000000)[0m   [0mMysql::Error: Table 'schema_info' already exists: CREATE TABLE schema_info (version int(11))[0m
  [4;36;1mSQL (0.001159)[0m   [0;1mSELECT version FROM schema_info[0m
Migrating to CreateRaffles (1)
  [4;35;1mSQL (0.431518)[0m   [0mCREATE TABLE raffles (`id` int(11) DEFAULT NULL auto_increment PRIMARY KEY, `title` varchar(150) DEFAULT NULL, `created_on` datetime DEFAULT NULL) ENGINE=InnoDB[0m
  [4;36;1mSQL (0.000625)[0m   [0;1mUPDATE schema_info SET version = 1[0m
  [4;35;1mSQL (0.000258)[0m   [0mSELECT version FROM schema_info[0m
Migrating to CreateUsers (2)
  [4;36;1mSQL (0.004573)[0m   [0;1mCREATE TABLE users (`id` int(11) DEFAULT NULL auto_increment PRIMARY KEY, `name` varchar(150) NOT NULL, `raffle_id` int(11) NOT NULL, `winner` tinyint(1) DEFAULT 0 NOT NULL) ENGINE=InnoDB[0m
  [4;35;1mSQL (0.000535)[0m   [0mUPDATE schema_info SET version = 2[0m
  [4;36;1mSQL (0.000232)[0m   [0;1mSELECT version FROM schema_info[0m
Migrating to AddSessions (3)
  [4;35;1mSQL (0.079593)[0m   [0mCREATE TABLE sessions (`id` int(11) DEFAULT NULL auto_increment PRIMARY KEY, `session_id` varchar(255) DEFAULT NULL, `data` text DEFAULT NULL, `updated_at` datetime DEFAULT NULL) ENGINE=InnoDB[0m
  [4;36;1mSQL (0.152898)[0m   [0;1mCREATE INDEX `index_sessions_on_session_id` ON sessions (`session_id`)[0m
  [4;35;1mSQL (0.010474)[0m   [0mCREATE INDEX `index_sessions_on_updated_at` ON sessions (`updated_at`)[0m
  [4;36;1mSQL (0.000380)[0m   [0;1mUPDATE schema_info SET version = 3[0m
  [4;35;1mSQL (0.000365)[0m   [0mSELECT * FROM schema_info[0m
  [4;36;1mSQL (0.000588)[0m   [0;1mSHOW TABLES[0m
  [4;35;1mSQL (0.002203)[0m   [0mSHOW FIELDS FROM raffles[0m
  [4;36;1mSQL (0.036441)[0m   [0;1mSHOW KEYS FROM raffles[0m
  [4;35;1mSQL (0.002045)[0m   [0mSHOW FIELDS FROM sessions[0m
  [4;36;1mSQL (0.002759)[0m   [0;1mSHOW KEYS FROM sessions[0m
  [4;35;1mSQL (0.001981)[0m   [0mSHOW FIELDS FROM users[0m
  [4;36;1mSQL (0.002246)[0m   [0;1mSHOW KEYS FROM users[0m
RafflesController: missing default helper path raffles_helper


Processing RafflesController#index (for 127.0.0.1 at 2008-12-22 15:40:52) [GET]
  Session ID: a4cac113bca1463f9eac32802c0666fe
  Parameters: {"action"=>"index", "controller"=>"raffles"}
Rendering  within layouts/application
Rendering raffles/index
Completed in 0.00559 (178 reqs/sec) | Rendering: 0.00434 (77%) | DB: 0.00000 (0%) | 200 OK [http://localhost/]
RafflesController: missing default helper path raffles_helper


Processing RafflesController#new (for 127.0.0.1 at 2008-12-22 15:40:54) [GET]
  Session ID: a4cac113bca1463f9eac32802c0666fe
  Parameters: {"action"=>"new", "controller"=>"raffles"}
  [4;36;1mRaffle Columns (0.001841)[0m   [0;1mSHOW FIELDS FROM raffles[0m
Rendering  within layouts/application
Rendering raffles/new
Completed in 0.01178 (84 reqs/sec) | Rendering: 0.00364 (30%) | DB: 0.00184 (15%) | 200 OK [http://localhost/new]
RafflesController: missing default helper path raffles_helper


Processing RafflesController#create (for 127.0.0.1 at 2008-12-22 15:41:01) [POST]
  Session ID: a4cac113bca1463f9eac32802c0666fe
  Parameters: {"commit"=>"Start the Raffle", "action"=>"create", "controller"=>"raffles", "raffle"=>{"title"=>"hi"}, "users"=>"1\r\n2\r\n3\r\n4"}
  [4;35;1mRaffle Columns (0.001885)[0m   [0mSHOW FIELDS FROM raffles[0m
  [4;36;1mSQL (0.001142)[0m   [0;1mBEGIN[0m
  [4;35;1mSQL (0.000333)[0m   [0mINSERT INTO raffles (`created_on`, `title`) VALUES('2008-12-22 15:41:01', 'hi')[0m
  [4;36;1mSQL (0.001276)[0m   [0;1mCOMMIT[0m
  [4;35;1mUser Columns (0.001760)[0m   [0mSHOW FIELDS FROM users[0m
  [4;36;1mSQL (0.000471)[0m   [0;1mBEGIN[0m
  [4;35;1mSQL (0.000349)[0m   [0mINSERT INTO users (`name`, `raffle_id`, `winner`) VALUES('1', 1, 0)[0m
  [4;36;1mSQL (0.001232)[0m   [0;1mCOMMIT[0m
  [4;35;1mSQL (0.000086)[0m   [0mBEGIN[0m
  [4;36;1mSQL (0.000204)[0m   [0;1mINSERT INTO users (`name`, `raffle_id`, `winner`) VALUES('2', 1, 0)[0m
  [4;35;1mSQL (0.001273)[0m   [0mCOMMIT[0m
  [4;36;1mSQL (0.000171)[0m   [0;1mBEGIN[0m
  [4;35;1mSQL (0.000240)[0m   [0mINSERT INTO users (`name`, `raffle_id`, `winner`) VALUES('3', 1, 0)[0m
  [4;36;1mSQL (0.001167)[0m   [0;1mCOMMIT[0m
  [4;35;1mSQL (0.000108)[0m   [0mBEGIN[0m
  [4;36;1mSQL (0.000222)[0m   [0;1mINSERT INTO users (`name`, `raffle_id`, `winner`) VALUES('4', 1, 0)[0m
  [4;35;1mSQL (0.001596)[0m   [0mCOMMIT[0m
Redirected to http://localhost:3000/raffles/1
Completed in 0.03732 (26 reqs/sec) | DB: 0.01351 (36%) | 302 Found [http://localhost/raffles/create]
RafflesController: missing default helper path raffles_helper


Processing RafflesController#show (for 127.0.0.1 at 2008-12-22 15:41:01) [GET]
  Session ID: a4cac113bca1463f9eac32802c0666fe
  Parameters: {"action"=>"show", "id"=>"1", "controller"=>"raffles"}
  [4;36;1mRaffle Columns (0.001527)[0m   [0;1mSHOW FIELDS FROM raffles[0m
  [4;35;1mRaffle Load (0.001757)[0m   [0mSELECT * FROM raffles WHERE (raffles.id = 1) [0m
Rendering  within layouts/application
Rendering raffles/show
  [4;36;1mUser Load (0.001210)[0m   [0;1mSELECT * FROM users WHERE (users.raffle_id = 1) [0m
  [4;35;1mUser Columns (0.001999)[0m   [0mSHOW FIELDS FROM users[0m
Completed in 0.02351 (42 reqs/sec) | Rendering: 0.00707 (30%) | DB: 0.00649 (27%) | 200 OK [http://localhost/raffles/1]
RafflesController: missing default helper path raffles_helper


Processing RafflesController#raffle (for 127.0.0.1 at 2008-12-22 15:41:04) [POST]
  Session ID: a4cac113bca1463f9eac32802c0666fe
  Parameters: {"action"=>"raffle", "id"=>"1", "controller"=>"raffles"}
  [4;36;1mUser Columns (0.001968)[0m   [0;1mSHOW FIELDS FROM users[0m
Completed in 0.00817 (122 reqs/sec) | Rendering: 0.00534 (65%) | DB: 0.00197 (24%) | 200 OK [http://localhost/raffles/raffle/1]
RafflesController: missing default helper path raffles_helper


Processing RafflesController#raffle (for 127.0.0.1 at 2008-12-22 15:41:06) [POST]
  Session ID: a4cac113bca1463f9eac32802c0666fe
  Parameters: {"action"=>"raffle", "id"=>"1", "controller"=>"raffles"}
  [4;35;1mUser Columns (0.001708)[0m   [0mSHOW FIELDS FROM users[0m
Completed in 0.01009 (99 reqs/sec) | Rendering: 0.00756 (74%) | DB: 0.00171 (16%) | 200 OK [http://localhost/raffles/raffle/1]
RafflesController: missing default helper path raffles_helper


Processing RafflesController#raffle (for 127.0.0.1 at 2008-12-22 15:41:10) [POST]
  Session ID: a4cac113bca1463f9eac32802c0666fe
  Parameters: {"action"=>"raffle", "id"=>"1", "controller"=>"raffles"}
  [4;36;1mUser Columns (0.001967)[0m   [0;1mSHOW FIELDS FROM users[0m
Completed in 0.00735 (136 reqs/sec) | Rendering: 0.00457 (62%) | DB: 0.00197 (26%) | 200 OK [http://localhost/raffles/raffle/1]
RafflesController: missing default helper path raffles_helper


Processing RafflesController#raffle (for 127.0.0.1 at 2008-12-22 15:41:10) [POST]
  Session ID: a4cac113bca1463f9eac32802c0666fe
  Parameters: {"action"=>"raffle", "id"=>"1", "controller"=>"raffles"}
Rendering  within layouts/application
Rendering raffles/raffle
Completed in 0.00230 (435 reqs/sec) | Rendering: 0.00147 (64%) | DB: 0.00000 (0%) | 200 OK [http://localhost/raffles/raffle/1]
RafflesController: missing default helper path raffles_helper


Processing RafflesController#index (for 127.0.0.1 at 2008-12-22 15:42:27) [GET]
  Session ID: a4cac113bca1463f9eac32802c0666fe
  Parameters: {"action"=>"index", "controller"=>"raffles"}
Rendering  within layouts/application
Rendering raffles/index
Completed in 0.00578 (173 reqs/sec) | Rendering: 0.00432 (74%) | DB: 0.00000 (0%) | 200 OK [http://localhost/raffles]
RafflesController: missing default helper path raffles_helper


Processing RafflesController#new (for 127.0.0.1 at 2008-12-22 15:42:31) [GET]
  Session ID: a4cac113bca1463f9eac32802c0666fe
  Parameters: {"action"=>"new", "controller"=>"raffles"}
  [4;36;1mRaffle Columns (0.001860)[0m   [0;1mSHOW FIELDS FROM raffles[0m
Rendering  within layouts/application
Rendering raffles/new
Completed in 0.01261 (79 reqs/sec) | Rendering: 0.00572 (45%) | DB: 0.00186 (14%) | 200 OK [http://localhost/new]
RafflesController: missing default helper path raffles_helper


Processing RafflesController#show (for 127.0.0.1 at 2008-12-22 15:42:35) [GET]
  Session ID: a4cac113bca1463f9eac32802c0666fe
  Parameters: {"action"=>"show", "id"=>"1", "controller"=>"raffles"}
  [4;35;1mRaffle Columns (0.001850)[0m   [0mSHOW FIELDS FROM raffles[0m
  [4;36;1mRaffle Load (0.001335)[0m   [0;1mSELECT * FROM raffles WHERE (raffles.id = 1) [0m
Rendering  within layouts/application
Rendering raffles/show
  [4;35;1mUser Load (0.000173)[0m   [0mSELECT * FROM users WHERE (users.raffle_id = 1) [0m
  [4;36;1mUser Columns (0.001818)[0m   [0;1mSHOW FIELDS FROM users[0m
Completed in 0.01804 (55 reqs/sec) | Rendering: 0.00645 (35%) | DB: 0.00518 (28%) | 200 OK [http://localhost/raffles/1]
RafflesController: missing default helper path raffles_helper


Processing RafflesController#raffle (for 127.0.0.1 at 2008-12-22 15:42:37) [POST]
  Session ID: a4cac113bca1463f9eac32802c0666fe
  Parameters: {"action"=>"raffle", "id"=>"1", "controller"=>"raffles"}
  [4;35;1mUser Columns (0.002088)[0m   [0mSHOW FIELDS FROM users[0m
Completed in 0.00748 (133 reqs/sec) | Rendering: 0.00457 (61%) | DB: 0.00209 (27%) | 200 OK [http://localhost/raffles/raffle/1]
RafflesController: missing default helper path raffles_helper


Processing RafflesController#raffle (for 127.0.0.1 at 2008-12-22 15:42:39) [POST]
  Session ID: a4cac113bca1463f9eac32802c0666fe
  Parameters: {"action"=>"raffle", "id"=>"1", "controller"=>"raffles"}
  [4;36;1mUser Columns (0.004037)[0m   [0;1mSHOW FIELDS FROM users[0m
Completed in 0.01054 (94 reqs/sec) | Rendering: 0.00553 (52%) | DB: 0.00404 (38%) | 200 OK [http://localhost/raffles/raffle/1]
RafflesController: missing default helper path raffles_helper


Processing RafflesController#raffle (for 127.0.0.1 at 2008-12-22 15:42:41) [POST]
  Session ID: a4cac113bca1463f9eac32802c0666fe
  Parameters: {"action"=>"raffle", "id"=>"1", "controller"=>"raffles"}
  [4;35;1mUser Columns (0.002144)[0m   [0mSHOW FIELDS FROM users[0m
Completed in 0.00725 (137 reqs/sec) | Rendering: 0.00434 (59%) | DB: 0.00214 (29%) | 200 OK [http://localhost/raffles/raffle/1]
